C:\USERS\TONY\DOCUMENTS\GITHUB\GP2\DEBUG\GP2.EXE
C:\USERS\TONY\DOCUMENTS\GITHUB\GP2\DEBUG\GP2.ILK
C:\USERS\TONY\DOCUMENTS\GITHUB\GP2\DEBUG\GP2.PDB
C:\USERS\TONY\DOCUMENTS\GITHUB\GP2\GP2\DEBUG\CAMERACOMPONENT.OBJ
C:\USERS\TONY\DOCUMENTS\GITHUB\GP2\GP2\DEBUG\GAMEAPPLICATION.OBJ
C:\USERS\TONY\DOCUMENTS\GITHUB\GP2\GP2\DEBUG\GAMEOBJECT.OBJ
C:\USERS\TONY\DOCUMENTS\GITHUB\GP2\GP2\DEBUG\GAMEOBJECTMANAGER.OBJ
C:\USERS\TONY\DOCUMENTS\GITHUB\GP2\GP2\DEBUG\GEOMETRYCOMPONENT.OBJ
C:\USERS\TONY\DOCUMENTS\GITHUB\GP2\GP2\DEBUG\GP2.EXE.EMBED.MANIFEST
C:\USERS\TONY\DOCUMENTS\GITHUB\GP2\GP2\DEBUG\GP2.EXE.EMBED.MANIFEST.RES
C:\USERS\TONY\DOCUMENTS\GITHUB\GP2\GP2\DEBUG\GP2.EXE.INTERMEDIATE.MANIFEST
C:\USERS\TONY\DOCUMENTS\GITHUB\GP2\GP2\DEBUG\INPUT.OBJ
C:\USERS\TONY\DOCUMENTS\GITHUB\GP2\GP2\DEBUG\JOYPAD.OBJ
C:\USERS\TONY\DOCUMENTS\GITHUB\GP2\GP2\DEBUG\KEYBOARD.OBJ
C:\USERS\TONY\DOCUMENTS\GITHUB\GP2\GP2\DEBUG\MAIN.OBJ
C:\USERS\TONY\DOCUMENTS\GITHUB\GP2\GP2\DEBUG\MATERIALCOMPONENT.OBJ
C:\USERS\TONY\DOCUMENTS\GITHUB\GP2\GP2\DEBUG\MODELLOADER.OBJ
C:\USERS\TONY\DOCUMENTS\GITHUB\GP2\GP2\DEBUG\MOUSE.OBJ
C:\USERS\TONY\DOCUMENTS\GITHUB\GP2\GP2\DEBUG\TIMER.OBJ
C:\USERS\TONY\DOCUMENTS\GITHUB\GP2\GP2\DEBUG\VC100.PDB
C:\USERS\TONY\DOCUMENTS\GITHUB\GP2\GP2\DEBUG\WIN32WINDOW.OBJ
C:\Users\Tony\Documents\GitHub\H5N1---Coursework-GP2-\Debug\GP2.pdb
C:\USERS\TONY\DOCUMENTS\GITHUB\H5N1---COURSEWORK-GP2-\GP2\DEBUG\CAMERACOMPONENT.OBJ
C:\Users\Tony\Documents\GitHub\H5N1---Coursework-GP2-\GP2\Debug\cl.command.1.tlog
C:\Users\Tony\Documents\GitHub\H5N1---Coursework-GP2-\GP2\Debug\CL.read.1.tlog
C:\Users\Tony\Documents\GitHub\H5N1---Coursework-GP2-\GP2\Debug\CL.write.1.tlog
C:\USERS\TONY\DOCUMENTS\GITHUB\H5N1---COURSEWORK-GP2-\GP2\DEBUG\GAMEAPPLICATION.OBJ
C:\USERS\TONY\DOCUMENTS\GITHUB\H5N1---COURSEWORK-GP2-\GP2\DEBUG\GAMEOBJECT.OBJ
C:\USERS\TONY\DOCUMENTS\GITHUB\H5N1---COURSEWORK-GP2-\GP2\DEBUG\GAMEOBJECTMANAGER.OBJ
C:\USERS\TONY\DOCUMENTS\GITHUB\H5N1---COURSEWORK-GP2-\GP2\DEBUG\GEOMETRYCOMPONENT.OBJ
C:\Users\Tony\Documents\GitHub\H5N1---Coursework-GP2-\GP2\Debug\GP2.exe.embed.manifest
C:\USERS\TONY\DOCUMENTS\GITHUB\H5N1---COURSEWORK-GP2-\GP2\DEBUG\GP2.EXE.EMBED.MANIFEST.RES
C:\Users\Tony\Documents\GitHub\H5N1---Coursework-GP2-\GP2\Debug\GP2.exe.intermediate.manifest
C:\Users\Tony\Documents\GitHub\H5N1---Coursework-GP2-\GP2\Debug\GP2_manifest.rc
C:\USERS\TONY\DOCUMENTS\GITHUB\H5N1---COURSEWORK-GP2-\GP2\DEBUG\INPUT.OBJ
C:\USERS\TONY\DOCUMENTS\GITHUB\H5N1---COURSEWORK-GP2-\GP2\DEBUG\JOYPAD.OBJ
C:\USERS\TONY\DOCUMENTS\GITHUB\H5N1---COURSEWORK-GP2-\GP2\DEBUG\KEYBOARD.OBJ
C:\Users\Tony\Documents\GitHub\H5N1---Coursework-GP2-\GP2\Debug\link.2616.read.1.tlog
C:\Users\Tony\Documents\GitHub\H5N1---Coursework-GP2-\GP2\Debug\link.2616.write.1.tlog
C:\Users\Tony\Documents\GitHub\H5N1---Coursework-GP2-\GP2\Debug\link.2616-cvtres.read.1.tlog
C:\Users\Tony\Documents\GitHub\H5N1---Coursework-GP2-\GP2\Debug\link.2616-cvtres.write.1.tlog
C:\Users\Tony\Documents\GitHub\H5N1---Coursework-GP2-\GP2\Debug\link.command.1.tlog
C:\Users\Tony\Documents\GitHub\H5N1---Coursework-GP2-\GP2\Debug\link.read.1.tlog
C:\Users\Tony\Documents\GitHub\H5N1---Coursework-GP2-\GP2\Debug\link.write.1.tlog
C:\Users\Tony\Documents\GitHub\H5N1---Coursework-GP2-\GP2\Debug\link-cvtres.read.1.tlog
C:\Users\Tony\Documents\GitHub\H5N1---Coursework-GP2-\GP2\Debug\link-cvtres.write.1.tlog
C:\USERS\TONY\DOCUMENTS\GITHUB\H5N1---COURSEWORK-GP2-\GP2\DEBUG\MAIN.OBJ
C:\USERS\TONY\DOCUMENTS\GITHUB\H5N1---COURSEWORK-GP2-\GP2\DEBUG\MATERIALCOMPONENT.OBJ
C:\USERS\TONY\DOCUMENTS\GITHUB\H5N1---COURSEWORK-GP2-\GP2\DEBUG\MODELLOADER.OBJ
C:\USERS\TONY\DOCUMENTS\GITHUB\H5N1---COURSEWORK-GP2-\GP2\DEBUG\MOUSE.OBJ
C:\Users\Tony\Documents\GitHub\H5N1---Coursework-GP2-\GP2\Debug\mt.command.1.tlog
C:\Users\Tony\Documents\GitHub\H5N1---Coursework-GP2-\GP2\Debug\mt.read.1.tlog
C:\Users\Tony\Documents\GitHub\H5N1---Coursework-GP2-\GP2\Debug\mt.write.1.tlog
C:\Users\Tony\Documents\GitHub\H5N1---Coursework-GP2-\GP2\Debug\rc.command.1.tlog
C:\Users\Tony\Documents\GitHub\H5N1---Coursework-GP2-\GP2\Debug\rc.read.1.tlog
C:\Users\Tony\Documents\GitHub\H5N1---Coursework-GP2-\GP2\Debug\rc.write.1.tlog
C:\USERS\TONY\DOCUMENTS\GITHUB\H5N1---COURSEWORK-GP2-\GP2\DEBUG\TIMER.OBJ
C:\Users\Tony\Documents\GitHub\H5N1---Coursework-GP2-\GP2\Debug\vc100.idb
C:\USERS\TONY\DOCUMENTS\GITHUB\H5N1---COURSEWORK-GP2-\GP2\DEBUG\VC100.PDB
C:\USERS\TONY\DOCUMENTS\GITHUB\H5N1---COURSEWORK-GP2-\GP2\DEBUG\WIN32WINDOW.OBJ
